d:\users\rsalha\documents\cpp\isaac\myisaac\myisaac\x64\debug\vc142.pdb
d:\users\rsalha\documents\cpp\isaac\myisaac\myisaac\x64\debug\vc142.idb
d:\users\rsalha\documents\cpp\isaac\myisaac\myisaac\x64\debug\playerinputaction.obj
d:\users\rsalha\documents\cpp\isaac\myisaac\myisaac\x64\debug\main.obj
d:\users\rsalha\documents\cpp\isaac\myisaac\myisaac\x64\debug\inputmgr.obj
c:\users\ghost\desktop\myisaac\myisaac\x64\debug\vc143.pdb
c:\users\ghost\desktop\myisaac\myisaac\x64\debug\vc143.idb
c:\users\ghost\desktop\myisaac\myisaac\x64\debug\texturemgr.obj
c:\users\ghost\desktop\myisaac\myisaac\x64\debug\inputmanager.obj
c:\users\ghost\desktop\myisaac\myisaac\x64\debug\main.obj
d:\users\ghost\bureau\projets c++\myisaac\myisaac\x64\debug\vc143.pdb
d:\users\ghost\bureau\projets c++\myisaac\myisaac\x64\debug\vc143.idb
d:\users\ghost\bureau\projets c++\myisaac\myisaac\x64\debug\texturemgr.obj
d:\users\ghost\bureau\projets c++\myisaac\myisaac\x64\debug\inputmanager.obj
d:\users\ghost\bureau\projets c++\myisaac\myisaac\x64\debug\main.obj
d:\users\ghost\bureau\projets c++\myisaac\myisaac\x64\debug\gameassets.obj
d:\users\ghost\bureau\projets c++\myisaac\myisaac\x64\debug\basementassets.obj
d:\users\ghost\bureau\projets c++\myisaac\myisaac\x64\debug\gamedatas.obj
d:\users\ghost\bureau\projets c++\myisaac\myisaac\x64\debug\isaacassets.obj
d:\users\rsalha\documents\cpp\isaac\myisaac\myisaac\x64\debug\myisaac.ilk
d:\users\rsalha\documents\cpp\isaac\myisaac\x64\debug\myisaac.exe
d:\users\rsalha\documents\cpp\isaac\myisaac\x64\debug\myisaac.pdb
c:\users\ghost\desktop\myisaac\x64\debug\myisaac.exe
c:\users\ghost\desktop\myisaac\myisaac\x64\debug\myisaac.ilk
c:\users\ghost\desktop\myisaac\x64\debug\myisaac.pdb
d:\users\ghost\bureau\projets c++\myisaac\myisaac\x64\debug\myisaac.ilk
d:\users\ghost\bureau\projets c++\myisaac\x64\debug\myisaac.exe
d:\users\ghost\bureau\projets c++\myisaac\x64\debug\myisaac.pdb
d:\users\ghost\bureau\projets c++\myisaac\myisaac\x64\debug\inputmgr.obj
d:\users\ghost\bureau\projets c++\myisaac\myisaac\x64\debug\playerinputaction.obj
d:\users\ghost\bureau\projets c++\myisaac\myisaac\x64\debug\vc142.idb
d:\users\ghost\bureau\projets c++\myisaac\myisaac\x64\debug\vc142.pdb
d:\users\ghost\bureau\projets c++\myisaac\myisaac\x64\debug\myisaac.tlog\cl.command.1.tlog
d:\users\ghost\bureau\projets c++\myisaac\myisaac\x64\debug\myisaac.tlog\cl.read.1.tlog
d:\users\ghost\bureau\projets c++\myisaac\myisaac\x64\debug\myisaac.tlog\cl.write.1.tlog
d:\users\ghost\bureau\projets c++\myisaac\myisaac\x64\debug\myisaac.tlog\link-cvtres.read.1.tlog
d:\users\ghost\bureau\projets c++\myisaac\myisaac\x64\debug\myisaac.tlog\link-cvtres.write.1.tlog
d:\users\ghost\bureau\projets c++\myisaac\myisaac\x64\debug\myisaac.tlog\link-rc.read.1.tlog
d:\users\ghost\bureau\projets c++\myisaac\myisaac\x64\debug\myisaac.tlog\link-rc.write.1.tlog
d:\users\ghost\bureau\projets c++\myisaac\myisaac\x64\debug\myisaac.tlog\link.7812-cvtres.read.1.tlog
d:\users\ghost\bureau\projets c++\myisaac\myisaac\x64\debug\myisaac.tlog\link.7812-cvtres.write.1.tlog
d:\users\ghost\bureau\projets c++\myisaac\myisaac\x64\debug\myisaac.tlog\link.7812-rc.read.1.tlog
d:\users\ghost\bureau\projets c++\myisaac\myisaac\x64\debug\myisaac.tlog\link.7812-rc.write.1.tlog
d:\users\ghost\bureau\projets c++\myisaac\myisaac\x64\debug\myisaac.tlog\link.7812.read.1.tlog
d:\users\ghost\bureau\projets c++\myisaac\myisaac\x64\debug\myisaac.tlog\link.7812.read.2.tlog
d:\users\ghost\bureau\projets c++\myisaac\myisaac\x64\debug\myisaac.tlog\link.7812.write.1.tlog
d:\users\ghost\bureau\projets c++\myisaac\myisaac\x64\debug\myisaac.tlog\link.command.1.tlog
d:\users\ghost\bureau\projets c++\myisaac\myisaac\x64\debug\myisaac.tlog\link.read.1.tlog
d:\users\ghost\bureau\projets c++\myisaac\myisaac\x64\debug\myisaac.tlog\link.read.2.tlog
d:\users\ghost\bureau\projets c++\myisaac\myisaac\x64\debug\myisaac.tlog\link.write.1.tlog
